#
# There is insufficient memory for the Java Runtime Environment to continue.
# Native memory allocation (mmap) failed to map 67108864 bytes for G1 virtual space
# Possible reasons:
#   The system is out of physical RAM or swap space
#   The process is running with CompressedOops enabled, and the Java Heap may be blocking the growth of the native heap
# Possible solutions:
#   Reduce memory load on the system
#   Increase physical memory or swap space
#   Check if swap backing store is full
#   Decrease Java heap size (-Xmx/-Xms)
#   Decrease number of Java threads
#   Decrease Java thread stack sizes (-Xss)
#   Set larger code cache with -XX:ReservedCodeCacheSize=
#   JVM is running with Unscaled Compressed Oops mode in which the Java heap is
#     placed in the first 4GB address space. The Java Heap base address is the
#     maximum limit for the native heap growth. Please use -XX:HeapBaseMinAddress
#     to set the Java Heap base and to place the Java Heap above 4GB virtual address.
# This output file may be truncated or incomplete.
#
#  Out of Memory Error (os_windows.cpp:3548), pid=46100, tid=21632
#
# JRE version:  (17.0.12+8) (build )
# Java VM: Java HotSpot(TM) 64-Bit Server VM (17.0.12+8-LTS-286, mixed mode, sharing, tiered, compressed oops, compressed class ptrs, g1 gc, windows-amd64)
# No core dump will be written. Minidumps are not enabled by default on client versions of Windows
#

---------------  S U M M A R Y ------------

Command Line: -Dnet.bytebuddy.agent.attacher.dump= net.bytebuddy.agent.Attacher com.sun.tools.attach.VirtualMachine 45936 C:\Users\owner\.gradle\caches\modules-2\files-2.1\net.bytebuddy\byte-buddy-agent\1.14.19\154da3a65b4f4a909d3e5bdec55d1b2b4cbb6ce1\byte-buddy-agent-1.14.19.jar false 

Host: Intel(R) Celeron(R) CPU 3855U @ 1.60GHz, 2 cores, 3G,  Windows 10 , 64 bit Build 19041 (10.0.19041.4957)
Time: Sat Nov  2 17:42:33 2024  Windows 10 , 64 bit Build 19041 (10.0.19041.4957) elapsed time: 0.145342 seconds (0d 0h 0m 0s)

---------------  T H R E A D  ---------------

Current thread (0x000001f438ee4000):  JavaThread "Unknown thread" [_thread_in_vm, id=21632, stack(0x000000e9e0100000,0x000000e9e0200000)]

Stack: [0x000000e9e0100000,0x000000e9e0200000]
Native frames: (J=compiled Java code, j=interpreted, Vv=VM code, C=native code)
V  [jvm.dll+0x67a04a]
V  [jvm.dll+0x7da4ed]
V  [jvm.dll+0x7dbe33]
V  [jvm.dll+0x7dc4a3]
V  [jvm.dll+0x24508f]
V  [jvm.dll+0x677089]
V  [jvm.dll+0x66bd32]
V  [jvm.dll+0x301fa6]
V  [jvm.dll+0x309546]
V  [jvm.dll+0x359d2e]
V  [jvm.dll+0x359f5f]
V  [jvm.dll+0x2d9078]
V  [jvm.dll+0x2d9fe4]
V  [jvm.dll+0x7aca21]
V  [jvm.dll+0x367591]
V  [jvm.dll+0x78b999]
V  [jvm.dll+0x3ec83f]
V  [jvm.dll+0x3ee471]
C  [jli.dll+0x5297]
C  [ucrtbase.dll+0x21bb2]
C  [KERNEL32.DLL+0x17374]
C  [ntdll.dll+0x4cc91]


---------------  P R O C E S S  ---------------

Threads class SMR info:
_java_thread_list=0x00007fff79877a18, length=0, elements={
}

Java Threads: ( => current thread )

Other Threads:
  0x000001f438f20830 GCTaskThread "GC Thread#0" [stack: 0x000000e9e0200000,0x000000e9e0300000] [id=50980]
  0x000001f438f29500 ConcurrentGCThread "G1 Main Marker" [stack: 0x000000e9e0300000,0x000000e9e0400000] [id=12576]
  0x000001f438f29f10 ConcurrentGCThread "G1 Conc#0" [stack: 0x000000e9e0400000,0x000000e9e0500000] [id=52888]

[error occurred during error reporting (printing all threads), id 0xc0000005, EXCEPTION_ACCESS_VIOLATION (0xc0000005) at pc=0x00007fff790a9b67]

VM state: not at safepoint (not fully initialized)

VM Mutex/Monitor currently owned by a thread:  ([mutex/lock_event])
[0x000001f438ee0ec0] Heap_lock - owner thread: 0x000001f438ee4000

Heap address: 0x00000000c1400000, size: 1004 MB, Compressed Oops mode: 32-bit

CDS archive(s) mapped at: [0x0000000000000000-0x0000000000000000-0x0000000000000000), size 0, SharedBaseAddress: 0x0000000800000000, ArchiveRelocationMode: 1.
Narrow klass base: 0x0000000000000000, Narrow klass shift: 0, Narrow klass range: 0x0

GC Precious Log:
<Empty>

Heap:
 garbage-first heap   total 0K, used 0K [0x00000000c1400000, 0x0000000100000000)
  region size 1024K, 0 young (0K), 0 survivors (0K)

[error occurred during error reporting (printing heap information), id 0xc0000005, EXCEPTION_ACCESS_VIOLATION (0xc0000005) at pc=0x00007fff79493859]

GC Heap History (0 events):
No events

Deoptimization events (0 events):
No events

Classes unloaded (0 events):
No events

Classes redefined (0 events):
No events

Internal exceptions (0 events):
No events

VM Operations (0 events):
No events

Events (1 events):
Event: 0.092 Loaded shared library C:\Program Files\Java\jdk-17\bin\java.dll


Dynamic libraries:
0x00007ff62f8e0000 - 0x00007ff62f8f0000 	C:\Program Files\Java\jdk-17\bin\java.exe
0x00007fffe4450000 - 0x00007fffe4648000 	C:\WINDOWS\SYSTEM32\ntdll.dll
0x00007fffe4340000 - 0x00007fffe4402000 	C:\WINDOWS\System32\KERNEL32.DLL
0x00007fffe1bb0000 - 0x00007fffe1eae000 	C:\WINDOWS\System32\KERNELBASE.dll
0x00007fffe1f50000 - 0x00007fffe2050000 	C:\WINDOWS\System32\ucrtbase.dll
0x00007fffd98e0000 - 0x00007fffd98f9000 	C:\Program Files\Java\jdk-17\bin\jli.dll
0x00007fffe3d90000 - 0x00007fffe3e42000 	C:\WINDOWS\System32\ADVAPI32.dll
0x00007fffe3700000 - 0x00007fffe379e000 	C:\WINDOWS\System32\msvcrt.dll
0x00007fffe2e10000 - 0x00007fffe2eb0000 	C:\WINDOWS\System32\sechost.dll
0x00007fffe3a80000 - 0x00007fffe3ba3000 	C:\WINDOWS\System32\RPCRT4.dll
0x00007fffe2320000 - 0x00007fffe2347000 	C:\WINDOWS\System32\bcrypt.dll
0x00007fffe24a0000 - 0x00007fffe263d000 	C:\WINDOWS\System32\USER32.dll
0x00007fffe22f0000 - 0x00007fffe2312000 	C:\WINDOWS\System32\win32u.dll
0x00007fffe2780000 - 0x00007fffe27ab000 	C:\WINDOWS\System32\GDI32.dll
0x00007fffe2350000 - 0x00007fffe2467000 	C:\WINDOWS\System32\gdi32full.dll
0x00007fffe1eb0000 - 0x00007fffe1f4d000 	C:\WINDOWS\System32\msvcp_win.dll
0x00007fffc1d30000 - 0x00007fffc1d4b000 	C:\Program Files\Java\jdk-17\bin\VCRUNTIME140.dll
0x00007fffcedc0000 - 0x00007fffcf05a000 	C:\WINDOWS\WinSxS\amd64_microsoft.windows.common-controls_6595b64144ccf1df_6.0.19041.4355_none_60b8b9eb71f62e16\COMCTL32.dll
0x00007fffd0a30000 - 0x00007fffd0a3a000 	C:\WINDOWS\SYSTEM32\VERSION.dll
0x00007fffe2470000 - 0x00007fffe249f000 	C:\WINDOWS\System32\IMM32.DLL
0x00007fffd9ea0000 - 0x00007fffd9eac000 	C:\Program Files\Java\jdk-17\bin\vcruntime140_1.dll
0x00007fff9fcf0000 - 0x00007fff9fd7e000 	C:\Program Files\Java\jdk-17\bin\msvcp140.dll
0x00007fff78dc0000 - 0x00007fff799a0000 	C:\Program Files\Java\jdk-17\bin\server\jvm.dll
0x00007fffe3bb0000 - 0x00007fffe3bb8000 	C:\WINDOWS\System32\PSAPI.DLL
0x00007fffe01b0000 - 0x00007fffe01b9000 	C:\WINDOWS\SYSTEM32\WSOCK32.dll
0x00007fffe3690000 - 0x00007fffe36fb000 	C:\WINDOWS\System32\WS2_32.dll
0x00007fffc5630000 - 0x00007fffc5657000 	C:\WINDOWS\SYSTEM32\WINMM.dll
0x00007fffe0300000 - 0x00007fffe0312000 	C:\WINDOWS\SYSTEM32\kernel.appcore.dll
0x00007fffd97f0000 - 0x00007fffd97fa000 	C:\Program Files\Java\jdk-17\bin\jimage.dll
0x00007fffdffa0000 - 0x00007fffe0184000 	C:\WINDOWS\SYSTEM32\DBGHELP.DLL
0x00007fffcbdd0000 - 0x00007fffcbe04000 	C:\WINDOWS\SYSTEM32\dbgcore.DLL
0x00007fffe2100000 - 0x00007fffe2182000 	C:\WINDOWS\System32\bcryptPrimitives.dll
0x00007fffc0110000 - 0x00007fffc0135000 	C:\Program Files\Java\jdk-17\bin\java.dll

dbghelp: loaded successfully - version: 4.0.5 - missing functions: none
symbol engine: initialized successfully - sym options: 0x614 - pdb path: .;C:\Program Files\Java\jdk-17\bin;C:\WINDOWS\SYSTEM32;C:\WINDOWS\WinSxS\amd64_microsoft.windows.common-controls_6595b64144ccf1df_6.0.19041.4355_none_60b8b9eb71f62e16;C:\Program Files\Java\jdk-17\bin\server

VM Arguments:
jvm_args: -Dnet.bytebuddy.agent.attacher.dump= 
java_command: net.bytebuddy.agent.Attacher com.sun.tools.attach.VirtualMachine 45936 C:\Users\owner\.gradle\caches\modules-2\files-2.1\net.bytebuddy\byte-buddy-agent\1.14.19\154da3a65b4f4a909d3e5bdec55d1b2b4cbb6ce1\byte-buddy-agent-1.14.19.jar false 
java_class_path (initial): C:\Users\owner\.gradle\caches\modules-2\files-2.1\net.bytebuddy\byte-buddy-agent\1.14.19\154da3a65b4f4a909d3e5bdec55d1b2b4cbb6ce1\byte-buddy-agent-1.14.19.jar
Launcher Type: SUN_STANDARD

[Global flags]
     intx CICompilerCount                          = 2                                         {product} {ergonomic}
     uint ConcGCThreads                            = 1                                         {product} {ergonomic}
     uint G1ConcRefinementThreads                  = 2                                         {product} {ergonomic}
   size_t G1HeapRegionSize                         = 1048576                                   {product} {ergonomic}
    uintx GCDrainStackTargetSize                   = 64                                        {product} {ergonomic}
   size_t InitialHeapSize                          = 67108864                                  {product} {ergonomic}
   size_t MarkStackSize                            = 4194304                                   {product} {ergonomic}
   size_t MaxHeapSize                              = 1052770304                                {product} {ergonomic}
   size_t MinHeapDeltaBytes                        = 1048576                                   {product} {ergonomic}
   size_t MinHeapSize                              = 8388608                                   {product} {ergonomic}
    uintx NonNMethodCodeHeapSize                   = 5826188                                {pd product} {ergonomic}
    uintx NonProfiledCodeHeapSize                  = 122916026                              {pd product} {ergonomic}
    uintx ProfiledCodeHeapSize                     = 122916026                              {pd product} {ergonomic}
    uintx ReservedCodeCacheSize                    = 251658240                              {pd product} {ergonomic}
     bool SegmentedCodeCache                       = true                                      {product} {ergonomic}
   size_t SoftMaxHeapSize                          = 1052770304                             {manageable} {ergonomic}
     bool UseCompressedClassPointers               = true                           {product lp64_product} {ergonomic}
     bool UseCompressedOops                        = true                           {product lp64_product} {ergonomic}
     bool UseG1GC                                  = true                                      {product} {ergonomic}
     bool UseLargePagesIndividualAllocation        = false                                  {pd product} {ergonomic}

Logging:
Log output configuration:
 #0: stdout all=warning uptime,level,tags
 #1: stderr all=off uptime,level,tags

Environment Variables:
PATH=C:\Program Files\Common Files\Oracle\Java\javapath;C:\Program Files (x86)\Intel\iCLS Client\;C:\Program Files (x86)\NVIDIA Corporation\PhysX\Common;C:\Program Files\Intel\iCLS Client\;C:\WINDOWS\system32;C:\WINDOWS;C:\WINDOWS\System32\Wbem;C:\WINDOWS\System32\WindowsPowerShell\v1.0\;C:\Program Files\Samsung\SamsungLink\AllShare Framework DMS\bin\;C:\Program Files (x86)\Intel\Intel(R) Management Engine Components\DAL;C:\Program Files\Intel\Intel(R) Management Engine Components\DAL;C:\Program Files (x86)\Intel\Intel(R) Management Engine Components\IPT;C:\Program Files\Intel\Intel(R) Management Engine Components\IPT;C:\WINDOWS\System32\OpenSSH\;C:\Program Files\Wondershare\Wondershare DemoCreator (Korean);C:\Program Files\Git\cmd;C:\Program Files\Docker\Docker\resources\bin;C:\Program Files\nodejs\;C:\Users\owner\AppData\Local\Microsoft\WindowsApps;C:\Users\owner\AppData\Local\Programs\Microsoft VS Code\bin;C:\Program Files\JetBrains\IntelliJ IDEA Community Edition 2024.1.4\bin;;C:\Users\owner\AppData\Roaming\npm
USERNAME=owner
OS=Windows_NT
PROCESSOR_IDENTIFIER=Intel64 Family 6 Model 78 Stepping 3, GenuineIntel



---------------  S Y S T E M  ---------------

OS:
 Windows 10 , 64 bit Build 19041 (10.0.19041.4957)
OS uptime: 18 days 21:19 hours
Hyper-V role detected

CPU: total 2 (initial active 2) (2 cores per cpu, 1 threads per core) family 6 model 78 stepping 3 microcode 0xcc, cx8, cmov, fxsr, mmx, 3dnowpref, sse, sse2, sse3, ssse3, sse4.1, sse4.2, popcnt, lzcnt, tsc, tscinvbit, aes, erms, clmul, clflush, clflushopt, hv

Memory: 4k page, system-wide physical 4014M (241M free)
TotalPageFile size 16302M (AvailPageFile size 12M)
current process WorkingSet (physical memory assigned to process): 9M, peak: 9M
current process commit charge ("private bytes"): 47M, peak: 111M

vm_info: Java HotSpot(TM) 64-Bit Server VM (17.0.12+8-LTS-286) for windows-amd64 JRE (17.0.12+8-LTS-286), built on Jun  5 2024 06:46:59 by "mach5one" with MS VC++ 17.6 (VS2022)

END.
